current directory: /Users/DRIVE/PROJECTS/OFFLINE/TestingPhase/testingPhasePrj/ios/:/Users/ubrain06/.rvm/bin/gems/ffi-1.15.5/ext/ffi_c
/Users/ubrain06/.rvm/rubies/ruby-2.7.6/bin/ruby extconf.rb
checking for ffi_prep_closure_loc() in -lffi... yes
checking for ffi_prep_cif_var()... yes
checking for ffi_raw_call()... yes
checking for ffi_prep_raw_closure()... yes
checking for whether -pthread is accepted as LDFLAGS... yes
creating extconf.h
creating Makefile

current directory: /Users/DRIVE/PROJECTS/OFFLINE/TestingPhase/testingPhasePrj/ios/:/Users/ubrain06/.rvm/bin/gems/ffi-1.15.5/ext/ffi_c
make DESTDIR\= sitearchdir\=./.gem.20230725-30837-11ocdwz sitelibdir\=./.gem.20230725-30837-11ocdwz clean

current directory: /Users/DRIVE/PROJECTS/OFFLINE/TestingPhase/testingPhasePrj/ios/:/Users/ubrain06/.rvm/bin/gems/ffi-1.15.5/ext/ffi_c
make DESTDIR\= sitearchdir\=./.gem.20230725-30837-11ocdwz sitelibdir\=./.gem.20230725-30837-11ocdwz
compiling AbstractMemory.c
compiling ArrayType.c
compiling Buffer.c
compiling Call.c
compiling ClosurePool.c
compiling DynamicLibrary.c
compiling Function.c
compiling FunctionInfo.c
compiling LastError.c
compiling LongDouble.c
compiling MappedType.c
compiling MemoryPointer.c
compiling MethodHandle.c
compiling Platform.c
compiling Pointer.c
compiling Struct.c
compiling StructByValue.c
compiling StructLayout.c
compiling Thread.c
compiling Type.c
compiling Types.c
compiling Variadic.c
compiling ffi.c
linking shared-object ffi_c.bundle

current directory: /Users/DRIVE/PROJECTS/OFFLINE/TestingPhase/testingPhasePrj/ios/:/Users/ubrain06/.rvm/bin/gems/ffi-1.15.5/ext/ffi_c
make DESTDIR\= sitearchdir\=./.gem.20230725-30837-11ocdwz sitelibdir\=./.gem.20230725-30837-11ocdwz install
/opt/homebrew/opt/coreutils/bin/ginstall -c -m 0755 ffi_c.bundle ./.gem.20230725-30837-11ocdwz

current directory: /Users/DRIVE/PROJECTS/OFFLINE/TestingPhase/testingPhasePrj/ios/:/Users/ubrain06/.rvm/bin/gems/ffi-1.15.5/ext/ffi_c
make DESTDIR\= sitearchdir\=./.gem.20230725-30837-11ocdwz sitelibdir\=./.gem.20230725-30837-11ocdwz clean
